#
# There is insufficient memory for the Java Runtime Environment to continue.
# Native memory allocation (malloc) failed to allocate 930096 bytes for Chunk::new
# Possible reasons:
#   The system is out of physical RAM or swap space
#   The process is running with CompressedOops enabled, and the Java Heap may be blocking the growth of the native heap
# Possible solutions:
#   Reduce memory load on the system
#   Increase physical memory or swap space
#   Check if swap backing store is full
#   Decrease Java heap size (-Xmx/-Xms)
#   Decrease number of Java threads
#   Decrease Java thread stack sizes (-Xss)
#   Set larger code cache with -XX:ReservedCodeCacheSize=
#   JVM is running with Zero Based Compressed Oops mode in which the Java heap is
#     placed in the first 32GB address space. The Java Heap base address is the
#     maximum limit for the native heap growth. Please use -XX:HeapBaseMinAddress
#     to set the Java Heap base and to place the Java Heap above 32GB virtual address.
# This output file may be truncated or incomplete.
#
#  Out of Memory Error (t:/workspace/open/src/hotspot/share/memory/arena.cpp:197), pid=20524, tid=18524
#
# JRE version: Java(TM) SE Runtime Environment (11.0.2+9) (build 11.0.2+9-LTS)
# Java VM: Java HotSpot(TM) 64-Bit Server VM (11.0.2+9-LTS, mixed mode, tiered, compressed oops, g1 gc, windows-amd64)
# No core dump will be written. Minidumps are not enabled by default on client versions of Windows
#

---------------  S U M M A R Y ------------

Command Line: -ea -Dfile.encoding=Cp1252 org.testng.remote.RemoteTestNG -serport 52214 -protocol json -d C:\Users\praverchaurasia\eclipse-workspace\Testing_Exit_Assignment\test-output C:\Users\praverchaurasia\eclipse-workspace\Testing_Exit_Assignment\testng.xml

Host: 11th Gen Intel(R) Core(TM) i5-1135G7 @ 2.40GHz, 8 cores, 15G,  Windows 10 , 64 bit Build 19041 (10.0.19041.1566)
Time: Tue Mar 22 20:38:39 2022 India Standard Time elapsed time: 44 seconds (0d 0h 0m 44s)

---------------  T H R E A D  ---------------

Current thread (0x00000108bdaf4000):  JavaThread "C2 CompilerThread0" daemon [_thread_in_native, id=18524, stack(0x00000002adb00000,0x00000002adc00000)]


Current CompileTask:
C2:  44320 3695       4       jdk.internal.module.SystemModuleFinders$SystemModuleReader::findImageLocation (42 bytes)

Stack: [0x00000002adb00000,0x00000002adc00000]
Native frames: (J=compiled Java code, j=interpreted, Vv=VM code, C=native code)
V  [jvm.dll+0x63574a]
V  [jvm.dll+0x77326f]
V  [jvm.dll+0x77491a]
V  [jvm.dll+0x774fd3]
V  [jvm.dll+0x25e418]
V  [jvm.dll+0xc2141]
V  [jvm.dll+0xc26dc]
V  [jvm.dll+0x36d7b7]
V  [jvm.dll+0x33a8b3]
V  [jvm.dll+0x339c8a]
V  [jvm.dll+0x218245]
V  [jvm.dll+0x2173ea]
V  [jvm.dll+0x194200]
V  [jvm.dll+0x2263af]
V  [jvm.dll+0x2249b8]
V  [jvm.dll+0x738a9d]
V  [jvm.dll+0x6347f2]
C  [ucrtbase.dll+0x21bb2]
C  [KERNEL32.DLL+0x17034]
C  [ntdll.dll+0x52651]


---------------  P R O C E S S  ---------------

Threads class SMR info:
_java_thread_list=0x00000108c276e3f0, length=25, elements={
0x0000010899b59800, 0x00000108bd229000, 0x00000108bd232800, 0x00000108bd247800,
0x00000108bd24a800, 0x00000108bdaf4000, 0x00000108bdb46000, 0x00000108bdb54000,
0x00000108bdf5d800, 0x00000108bdf64000, 0x00000108beb28000, 0x00000108bf33e800,
0x00000108bf221000, 0x00000108bf086000, 0x00000108beff6000, 0x00000108bdff8800,
0x00000108bf01f000, 0x00000108c2819000, 0x00000108c2622000, 0x00000108c2621000,
0x00000108c261c000, 0x00000108c2622800, 0x00000108c261d000, 0x00000108c261d800,
0x00000108bf6c8800
}

Java Threads: ( => current thread )
  0x0000010899b59800 JavaThread "Forwarding findElement on session 243c4b65-e475-42ea-8768-4ef818b8e58e to remote" [_thread_in_native, id=17504, stack(0x00000002ad000000,0x00000002ad100000)]
  0x00000108bd229000 JavaThread "Reference Handler" daemon [_thread_blocked, id=11164, stack(0x00000002ad700000,0x00000002ad800000)]
  0x00000108bd232800 JavaThread "Finalizer" daemon [_thread_blocked, id=6712, stack(0x00000002ad800000,0x00000002ad900000)]
  0x00000108bd247800 JavaThread "Signal Dispatcher" daemon [_thread_blocked, id=7988, stack(0x00000002ad900000,0x00000002ada00000)]
  0x00000108bd24a800 JavaThread "Attach Listener" daemon [_thread_blocked, id=24312, stack(0x00000002ada00000,0x00000002adb00000)]
=>0x00000108bdaf4000 JavaThread "C2 CompilerThread0" daemon [_thread_in_native, id=18524, stack(0x00000002adb00000,0x00000002adc00000)]
  0x00000108bdb46000 JavaThread "C1 CompilerThread0" daemon [_thread_blocked, id=16848, stack(0x00000002adc00000,0x00000002add00000)]
  0x00000108bdb54000 JavaThread "Sweeper thread" daemon [_thread_blocked, id=9420, stack(0x00000002add00000,0x00000002ade00000)]
  0x00000108bdf5d800 JavaThread "Service Thread" daemon [_thread_blocked, id=21868, stack(0x00000002ade00000,0x00000002adf00000)]
  0x00000108bdf64000 JavaThread "Common-Cleaner" daemon [_thread_blocked, id=3264, stack(0x00000002ae000000,0x00000002ae100000)]
  0x00000108beb28000 JavaThread "ReaderThread" [_thread_in_native, id=20588, stack(0x00000002ae300000,0x00000002ae400000)]
  0x00000108bf33e800 JavaThread "ForkJoinPool.commonPool-worker-3" daemon [_thread_blocked, id=15828, stack(0x00000002aea00000,0x00000002aeb00000)]
  0x00000108bf221000 JavaThread "ForkJoinPool.commonPool-worker-5" daemon [_thread_blocked, id=5780, stack(0x00000002aeb00000,0x00000002aec00000)]
  0x00000108bf086000 JavaThread "Exec Default Executor" daemon [_thread_in_native, id=18496, stack(0x00000002ae100000,0x00000002ae200000)]
  0x00000108beff6000 JavaThread "UrlChecker-2" daemon [_thread_blocked, id=21568, stack(0x00000002aec00000,0x00000002aed00000)]
  0x00000108bdff8800 JavaThread "Exec Stream Pumper" daemon [_thread_in_native, id=11932, stack(0x00000002aed00000,0x00000002aee00000)]
  0x00000108bf01f000 JavaThread "Exec Stream Pumper" daemon [_thread_in_native, id=9300, stack(0x00000002aee00000,0x00000002aef00000)]
  0x00000108c2819000 JavaThread "ForkJoinPool.commonPool-worker-7" daemon [_thread_blocked, id=24472, stack(0x00000002af200000,0x00000002af300000)]
  0x00000108c2622000 JavaThread "OkHttp ConnectionPool" daemon [_thread_blocked, id=14564, stack(0x00000002af300000,0x00000002af400000)]
  0x00000108c2621000 JavaThread "Okio Watchdog" daemon [_thread_blocked, id=9704, stack(0x00000002af400000,0x00000002af500000)]
  0x00000108c261c000 JavaThread "ForkJoinPool.commonPool-worker-9" daemon [_thread_blocked, id=19060, stack(0x00000002aef00000,0x00000002af000000)]
  0x00000108c2622800 JavaThread "OkHttp ConnectionPool" daemon [_thread_blocked, id=20216, stack(0x00000002af000000,0x00000002af100000)]
  0x00000108c261d000 JavaThread "OkHttp ConnectionPool" daemon [_thread_blocked, id=21788, stack(0x00000002af100000,0x00000002af200000)]
  0x00000108c261d800 JavaThread "ForkJoinPool.commonPool-worker-11" daemon [_thread_blocked, id=22264, stack(0x00000002af700000,0x00000002af800000)]
  0x00000108bf6c8800 JavaThread "C2 CompilerThread1" daemon [_thread_in_native, id=20644, stack(0x00000002af800000,0x00000002af900000)]

Other Threads:
  0x00000108bd227000 VMThread "VM Thread" [stack: 0x00000002ad600000,0x00000002ad700000] [id=21536]
  0x00000108bdddc000 WatcherThread [stack: 0x00000002adf00000,0x00000002ae000000] [id=19868]
  0x0000010899b6f800 GCTaskThread "GC Thread#0" [stack: 0x00000002ad100000,0x00000002ad200000] [id=19556]
  0x00000108bee42800 GCTaskThread "GC Thread#1" [stack: 0x00000002ae400000,0x00000002ae500000] [id=16172]
  0x00000108bedcb800 GCTaskThread "GC Thread#2" [stack: 0x00000002ae500000,0x00000002ae600000] [id=22228]
  0x00000108bee5c800 GCTaskThread "GC Thread#3" [stack: 0x00000002ae600000,0x00000002ae700000] [id=14388]
  0x00000108bee5d800 GCTaskThread "GC Thread#4" [stack: 0x00000002ae700000,0x00000002ae800000] [id=8436]
  0x00000108bee72800 GCTaskThread "GC Thread#5" [stack: 0x00000002ae800000,0x00000002ae900000] [id=2864]
  0x0000010899bcd000 ConcurrentGCThread "G1 Main Marker" [stack: 0x00000002ad200000,0x00000002ad300000] [id=13928]
  0x0000010899bce800 ConcurrentGCThread "G1 Conc#0" [stack: 0x00000002ad300000,0x00000002ad400000] [id=8916]
  0x00000108bf454000 ConcurrentGCThread "G1 Conc#1" [stack: 0x00000002ae900000,0x00000002aea00000] [id=3080]
  0x00000108bd110800 ConcurrentGCThread "G1 Refine#0" [stack: 0x00000002ad400000,0x00000002ad500000] [id=23768]
  0x00000108bd111800 ConcurrentGCThread "G1 Young RemSet Sampling" [stack: 0x00000002ad500000,0x00000002ad600000] [id=15512]

Threads with active compile tasks:
C2 CompilerThread03695       4       jdk.internal.module.SystemModuleFinders$SystemModuleReader::findImageLocation (42 bytes)
C2 CompilerThread13715       4       javax.xml.namespace.QName::hashCode (16 bytes)

VM state:not at safepoint (normal execution)

VM Mutex/Monitor currently owned by a thread: None

Heap address: 0x0000000705600000, size: 4010 MB, Compressed Oops mode: Zero based, Oop shift amount: 3
Narrow klass base: 0x0000000800000000, Narrow klass shift: 0
Compressed class space size: 1073741824 Address: 0x0000000800000000

Heap:
 garbage-first heap   total 258048K, used 79058K [0x0000000705600000, 0x0000000800000000)
  region size 1024K, 70 young (71680K), 7 survivors (7168K)
 Metaspace       used 43249K, capacity 44218K, committed 44416K, reserved 1087488K
  class space    used 5311K, capacity 5720K, committed 5760K, reserved 1048576K
Heap Regions: E=young(eden), S=young(survivor), O=old, HS=humongous(starts), HC=humongous(continues), CS=collection set, F=free, A=archive, TAMS=top-at-mark-start (previous, next)
|   0|0x0000000705600000, 0x0000000705700000, 0x0000000705700000|100%|HS|  |TAMS 0x0000000705700000, 0x0000000705600000| Complete 
|   1|0x0000000705700000, 0x0000000705800000, 0x0000000705800000|100%| O|  |TAMS 0x0000000705800000, 0x0000000705700000| Untracked 
|   2|0x0000000705800000, 0x0000000705900000, 0x0000000705900000|100%| O|  |TAMS 0x0000000705900000, 0x0000000705800000| Untracked 
|   3|0x0000000705900000, 0x0000000705a00000, 0x0000000705a00000|100%| O|  |TAMS 0x0000000705a00000, 0x0000000705900000| Untracked 
|   4|0x0000000705a00000, 0x0000000705b00000, 0x0000000705b00000|100%| O|  |TAMS 0x0000000705b00000, 0x0000000705a00000| Untracked 
|   5|0x0000000705b00000, 0x0000000705c00000, 0x0000000705c00000|100%| O|  |TAMS 0x0000000705c00000, 0x0000000705b00000| Untracked 
|   6|0x0000000705c00000, 0x0000000705d00000, 0x0000000705d00000|100%| O|  |TAMS 0x0000000705d00000, 0x0000000705c00000| Untracked 
|   7|0x0000000705d00000, 0x0000000705e00000, 0x0000000705e00000|100%| O|  |TAMS 0x0000000705e00000, 0x0000000705d00000| Untracked 
|   8|0x0000000705e00000, 0x0000000705e34a00, 0x0000000705f00000| 20%| O|  |TAMS 0x0000000705e34a00, 0x0000000705e00000| Untracked 
|   9|0x0000000705f00000, 0x0000000705f00000, 0x0000000706000000|  0%| F|  |TAMS 0x0000000705f00000, 0x0000000705f00000| Untracked 
|  10|0x0000000706000000, 0x0000000706000000, 0x0000000706100000|  0%| F|  |TAMS 0x0000000706000000, 0x0000000706000000| Untracked 
|  11|0x0000000706100000, 0x0000000706100000, 0x0000000706200000|  0%| F|  |TAMS 0x0000000706100000, 0x0000000706100000| Untracked 
|  12|0x0000000706200000, 0x0000000706200000, 0x0000000706300000|  0%| F|  |TAMS 0x0000000706200000, 0x0000000706200000| Untracked 
|  13|0x0000000706300000, 0x0000000706300000, 0x0000000706400000|  0%| F|  |TAMS 0x0000000706300000, 0x0000000706300000| Untracked 
|  14|0x0000000706400000, 0x0000000706400000, 0x0000000706500000|  0%| F|  |TAMS 0x0000000706400000, 0x0000000706400000| Untracked 
|  15|0x0000000706500000, 0x0000000706500000, 0x0000000706600000|  0%| F|  |TAMS 0x0000000706500000, 0x0000000706500000| Untracked 
|  16|0x0000000706600000, 0x0000000706600000, 0x0000000706700000|  0%| F|  |TAMS 0x0000000706600000, 0x0000000706600000| Untracked 
|  17|0x0000000706700000, 0x0000000706700000, 0x0000000706800000|  0%| F|  |TAMS 0x0000000706700000, 0x0000000706700000| Untracked 
|  18|0x0000000706800000, 0x0000000706800000, 0x0000000706900000|  0%| F|  |TAMS 0x0000000706800000, 0x0000000706800000| Untracked 
|  19|0x0000000706900000, 0x0000000706900000, 0x0000000706a00000|  0%| F|  |TAMS 0x0000000706900000, 0x0000000706900000| Untracked 
|  20|0x0000000706a00000, 0x0000000706a00000, 0x0000000706b00000|  0%| F|  |TAMS 0x0000000706a00000, 0x0000000706a00000| Untracked 
|  21|0x0000000706b00000, 0x0000000706b00000, 0x0000000706c00000|  0%| F|  |TAMS 0x0000000706b00000, 0x0000000706b00000| Untracked 
|  22|0x0000000706c00000, 0x0000000706c00000, 0x0000000706d00000|  0%| F|  |TAMS 0x0000000706c00000, 0x0000000706c00000| Untracked 
|  23|0x0000000706d00000, 0x0000000706d00000, 0x0000000706e00000|  0%| F|  |TAMS 0x0000000706d00000, 0x0000000706d00000| Untracked 
|  24|0x0000000706e00000, 0x0000000706e00000, 0x0000000706f00000|  0%| F|  |TAMS 0x0000000706e00000, 0x0000000706e00000| Untracked 
|  25|0x0000000706f00000, 0x0000000706f00000, 0x0000000707000000|  0%| F|  |TAMS 0x0000000706f00000, 0x0000000706f00000| Untracked 
|  26|0x0000000707000000, 0x0000000707000000, 0x0000000707100000|  0%| F|  |TAMS 0x0000000707000000, 0x0000000707000000| Untracked 
|  27|0x0000000707100000, 0x0000000707100000, 0x0000000707200000|  0%| F|  |TAMS 0x0000000707100000, 0x0000000707100000| Untracked 
|  28|0x0000000707200000, 0x0000000707200000, 0x0000000707300000|  0%| F|  |TAMS 0x0000000707200000, 0x0000000707200000| Untracked 
|  29|0x0000000707300000, 0x0000000707300000, 0x0000000707400000|  0%| F|  |TAMS 0x0000000707300000, 0x0000000707300000| Untracked 
|  30|0x0000000707400000, 0x0000000707400000, 0x0000000707500000|  0%| F|  |TAMS 0x0000000707400000, 0x0000000707400000| Untracked 
|  31|0x0000000707500000, 0x0000000707500000, 0x0000000707600000|  0%| F|  |TAMS 0x0000000707500000, 0x0000000707500000| Untracked 
|  32|0x0000000707600000, 0x0000000707600000, 0x0000000707700000|  0%| F|  |TAMS 0x0000000707600000, 0x0000000707600000| Untracked 
|  33|0x0000000707700000, 0x0000000707700000, 0x0000000707800000|  0%| F|  |TAMS 0x0000000707700000, 0x0000000707700000| Untracked 
|  34|0x0000000707800000, 0x0000000707800000, 0x0000000707900000|  0%| F|  |TAMS 0x0000000707800000, 0x0000000707800000| Untracked 
|  35|0x0000000707900000, 0x0000000707900000, 0x0000000707a00000|  0%| F|  |TAMS 0x0000000707900000, 0x0000000707900000| Untracked 
|  36|0x0000000707a00000, 0x0000000707a00000, 0x0000000707b00000|  0%| F|  |TAMS 0x0000000707a00000, 0x0000000707a00000| Untracked 
|  37|0x0000000707b00000, 0x0000000707b00000, 0x0000000707c00000|  0%| F|  |TAMS 0x0000000707b00000, 0x0000000707b00000| Untracked 
|  38|0x0000000707c00000, 0x0000000707c00000, 0x0000000707d00000|  0%| F|  |TAMS 0x0000000707c00000, 0x0000000707c00000| Untracked 
|  39|0x0000000707d00000, 0x0000000707d00000, 0x0000000707e00000|  0%| F|  |TAMS 0x0000000707d00000, 0x0000000707d00000| Untracked 
|  40|0x0000000707e00000, 0x0000000707e00000, 0x0000000707f00000|  0%| F|  |TAMS 0x0000000707e00000, 0x0000000707e00000| Untracked 
|  41|0x0000000707f00000, 0x0000000707f00000, 0x0000000708000000|  0%| F|  |TAMS 0x0000000707f00000, 0x0000000707f00000| Untracked 
|  42|0x0000000708000000, 0x0000000708000000, 0x0000000708100000|  0%| F|  |TAMS 0x0000000708000000, 0x0000000708000000| Untracked 
|  43|0x0000000708100000, 0x0000000708100000, 0x0000000708200000|  0%| F|  |TAMS 0x0000000708100000, 0x0000000708100000| Untracked 
|  44|0x0000000708200000, 0x0000000708200000, 0x0000000708300000|  0%| F|  |TAMS 0x0000000708200000, 0x0000000708200000| Untracked 
|  45|0x0000000708300000, 0x0000000708300000, 0x0000000708400000|  0%| F|  |TAMS 0x0000000708300000, 0x0000000708300000| Untracked 
|  46|0x0000000708400000, 0x0000000708400000, 0x0000000708500000|  0%| F|  |TAMS 0x0000000708400000, 0x0000000708400000| Untracked 
|  47|0x0000000708500000, 0x0000000708500000, 0x0000000708600000|  0%| F|  |TAMS 0x0000000708500000, 0x0000000708500000| Untracked 
|  48|0x0000000708600000, 0x0000000708600000, 0x0000000708700000|  0%| F|  |TAMS 0x0000000708600000, 0x0000000708600000| Untracked 
|  49|0x0000000708700000, 0x0000000708700000, 0x0000000708800000|  0%| F|  |TAMS 0x0000000708700000, 0x0000000708700000| Untracked 
|  50|0x0000000708800000, 0x0000000708800000, 0x0000000708900000|  0%| F|  |TAMS 0x0000000708800000, 0x0000000708800000| Untracked 
|  51|0x0000000708900000, 0x0000000708900000, 0x0000000708a00000|  0%| F|  |TAMS 0x0000000708900000, 0x0000000708900000| Untracked 
|  52|0x0000000708a00000, 0x0000000708a00000, 0x0000000708b00000|  0%| F|  |TAMS 0x0000000708a00000, 0x0000000708a00000| Untracked 
|  53|0x0000000708b00000, 0x0000000708b00000, 0x0000000708c00000|  0%| F|  |TAMS 0x0000000708b00000, 0x0000000708b00000| Untracked 
|  54|0x0000000708c00000, 0x0000000708c00000, 0x0000000708d00000|  0%| F|  |TAMS 0x0000000708c00000, 0x0000000708c00000| Untracked 
|  55|0x0000000708d00000, 0x0000000708d00000, 0x0000000708e00000|  0%| F|  |TAMS 0x0000000708d00000, 0x0000000708d00000| Untracked 
|  56|0x0000000708e00000, 0x0000000708e00000, 0x0000000708f00000|  0%| F|  |TAMS 0x0000000708e00000, 0x0000000708e00000| Untracked 
|  57|0x0000000708f00000, 0x0000000708f00000, 0x0000000709000000|  0%| F|  |TAMS 0x0000000708f00000, 0x0000000708f00000| Untracked 
|  58|0x0000000709000000, 0x0000000709000000, 0x0000000709100000|  0%| F|  |TAMS 0x0000000709000000, 0x0000000709000000| Untracked 
|  59|0x0000000709100000, 0x0000000709100000, 0x0000000709200000|  0%| F|  |TAMS 0x0000000709100000, 0x0000000709100000| Untracked 
|  60|0x0000000709200000, 0x0000000709200000, 0x0000000709300000|  0%| F|  |TAMS 0x0000000709200000, 0x0000000709200000| Untracked 
|  61|0x0000000709300000, 0x0000000709300000, 0x0000000709400000|  0%| F|  |TAMS 0x0000000709300000, 0x0000000709300000| Untracked 
|  62|0x0000000709400000, 0x0000000709400000, 0x0000000709500000|  0%| F|  |TAMS 0x0000000709400000, 0x0000000709400000| Untracked 
|  63|0x0000000709500000, 0x0000000709500000, 0x0000000709600000|  0%| F|  |TAMS 0x0000000709500000, 0x0000000709500000| Untracked 
|  64|0x0000000709600000, 0x0000000709600000, 0x0000000709700000|  0%| F|  |TAMS 0x0000000709600000, 0x0000000709600000| Untracked 
|  65|0x0000000709700000, 0x0000000709700000, 0x0000000709800000|  0%| F|  |TAMS 0x0000000709700000, 0x0000000709700000| Untracked 
|  66|0x0000000709800000, 0x0000000709800000, 0x0000000709900000|  0%| F|  |TAMS 0x0000000709800000, 0x0000000709800000| Untracked 
|  67|0x0000000709900000, 0x0000000709900000, 0x0000000709a00000|  0%| F|  |TAMS 0x0000000709900000, 0x0000000709900000| Untracked 
|  68|0x0000000709a00000, 0x0000000709a00000, 0x0000000709b00000|  0%| F|  |TAMS 0x0000000709a00000, 0x0000000709a00000| Untracked 
|  69|0x0000000709b00000, 0x0000000709b00000, 0x0000000709c00000|  0%| F|  |TAMS 0x0000000709b00000, 0x0000000709b00000| Untracked 
|  70|0x0000000709c00000, 0x0000000709c00000, 0x0000000709d00000|  0%| F|  |TAMS 0x0000000709c00000, 0x0000000709c00000| Untracked 
|  71|0x0000000709d00000, 0x0000000709d00000, 0x0000000709e00000|  0%| F|  |TAMS 0x0000000709d00000, 0x0000000709d00000| Untracked 
|  72|0x0000000709e00000, 0x0000000709e00000, 0x0000000709f00000|  0%| F|  |TAMS 0x0000000709e00000, 0x0000000709e00000| Untracked 
|  73|0x0000000709f00000, 0x0000000709f00000, 0x000000070a000000|  0%| F|  |TAMS 0x0000000709f00000, 0x0000000709f00000| Untracked 
|  74|0x000000070a000000, 0x000000070a000000, 0x000000070a100000|  0%| F|  |TAMS 0x000000070a000000, 0x000000070a000000| Untracked 
|  75|0x000000070a100000, 0x000000070a100000, 0x000000070a200000|  0%| F|  |TAMS 0x000000070a100000, 0x000000070a100000| Untracked 
|  76|0x000000070a200000, 0x000000070a200000, 0x000000070a300000|  0%| F|  |TAMS 0x000000070a200000, 0x000000070a200000| Untracked 
|  77|0x000000070a300000, 0x000000070a300000, 0x000000070a400000|  0%| F|  |TAMS 0x000000070a300000, 0x000000070a300000| Untracked 
|  78|0x000000070a400000, 0x000000070a400000, 0x000000070a500000|  0%| F|  |TAMS 0x000000070a400000, 0x000000070a400000| Untracked 
|  79|0x000000070a500000, 0x000000070a500000, 0x000000070a600000|  0%| F|  |TAMS 0x000000070a500000, 0x000000070a500000| Untracked 
|  80|0x000000070a600000, 0x000000070a600000, 0x000000070a700000|  0%| F|  |TAMS 0x000000070a600000, 0x000000070a600000| Untracked 
|  81|0x000000070a700000, 0x000000070a700000, 0x000000070a800000|  0%| F|  |TAMS 0x000000070a700000, 0x000000070a700000| Untracked 
|  82|0x000000070a800000, 0x000000070a800000, 0x000000070a900000|  0%| F|  |TAMS 0x000000070a800000, 0x000000070a800000| Untracked 
|  83|0x000000070a900000, 0x000000070a900000, 0x000000070aa00000|  0%| F|  |TAMS 0x000000070a900000, 0x000000070a900000| Untracked 
|  84|0x000000070aa00000, 0x000000070aa00000, 0x000000070ab00000|  0%| F|  |TAMS 0x000000070aa00000, 0x000000070aa00000| Untracked 
|  85|0x000000070ab00000, 0x000000070ab00000, 0x000000070ac00000|  0%| F|  |TAMS 0x000000070ab00000, 0x000000070ab00000| Untracked 
|  86|0x000000070ac00000, 0x000000070ac00000, 0x000000070ad00000|  0%| F|  |TAMS 0x000000070ac00000, 0x000000070ac00000| Untracked 
|  87|0x000000070ad00000, 0x000000070ad00000, 0x000000070ae00000|  0%| F|  |TAMS 0x000000070ad00000, 0x000000070ad00000| Untracked 
|  88|0x000000070ae00000, 0x000000070ae00000, 0x000000070af00000|  0%| F|  |TAMS 0x000000070ae00000, 0x000000070ae00000| Untracked 
|  89|0x000000070af00000, 0x000000070af00000, 0x000000070b000000|  0%| F|  |TAMS 0x000000070af00000, 0x000000070af00000| Untracked 
|  90|0x000000070b000000, 0x000000070b000000, 0x000000070b100000|  0%| F|  |TAMS 0x000000070b000000, 0x000000070b000000| Untracked 
|  91|0x000000070b100000, 0x000000070b100000, 0x000000070b200000|  0%| F|  |TAMS 0x000000070b100000, 0x000000070b100000| Untracked 
|  92|0x000000070b200000, 0x000000070b200000, 0x000000070b300000|  0%| F|  |TAMS 0x000000070b200000, 0x000000070b200000| Untracked 
|  93|0x000000070b300000, 0x000000070b300000, 0x000000070b400000|  0%| F|  |TAMS 0x000000070b300000, 0x000000070b300000| Untracked 
|  94|0x000000070b400000, 0x000000070b400000, 0x000000070b500000|  0%| F|  |TAMS 0x000000070b400000, 0x000000070b400000| Untracked 
|  95|0x000000070b500000, 0x000000070b500000, 0x000000070b600000|  0%| F|  |TAMS 0x000000070b500000, 0x000000070b500000| Untracked 
|  96|0x000000070b600000, 0x000000070b600000, 0x000000070b700000|  0%| F|  |TAMS 0x000000070b600000, 0x000000070b600000| Untracked 
|  97|0x000000070b700000, 0x000000070b700000, 0x000000070b800000|  0%| F|  |TAMS 0x000000070b700000, 0x000000070b700000| Untracked 
|  98|0x000000070b800000, 0x000000070b800000, 0x000000070b900000|  0%| F|  |TAMS 0x000000070b800000, 0x000000070b800000| Untracked 
|  99|0x000000070b900000, 0x000000070b900000, 0x000000070ba00000|  0%| F|  |TAMS 0x000000070b900000, 0x000000070b900000| Untracked 
| 100|0x000000070ba00000, 0x000000070ba00000, 0x000000070bb00000|  0%| F|  |TAMS 0x000000070ba00000, 0x000000070ba00000| Untracked 
| 101|0x000000070bb00000, 0x000000070bb00000, 0x000000070bc00000|  0%| F|  |TAMS 0x000000070bb00000, 0x000000070bb00000| Untracked 
| 102|0x000000070bc00000, 0x000000070bc00000, 0x000000070bd00000|  0%| F|  |TAMS 0x000000070bc00000, 0x000000070bc00000| Untracked 
| 103|0x000000070bd00000, 0x000000070bd00000, 0x000000070be00000|  0%| F|  |TAMS 0x000000070bd00000, 0x000000070bd00000| Untracked 
| 104|0x000000070be00000, 0x000000070be00000, 0x000000070bf00000|  0%| F|  |TAMS 0x000000070be00000, 0x000000070be00000| Untracked 
| 105|0x000000070bf00000, 0x000000070bf00000, 0x000000070c000000|  0%| F|  |TAMS 0x000000070bf00000, 0x000000070bf00000| Untracked 
| 106|0x000000070c000000, 0x000000070c000000, 0x000000070c100000|  0%| F|  |TAMS 0x000000070c000000, 0x000000070c000000| Untracked 
| 107|0x000000070c100000, 0x000000070c100000, 0x000000070c200000|  0%| F|  |TAMS 0x000000070c100000, 0x000000070c100000| Untracked 
| 108|0x000000070c200000, 0x000000070c200000, 0x000000070c300000|  0%| F|  |TAMS 0x000000070c200000, 0x000000070c200000| Untracked 
| 109|0x000000070c300000, 0x000000070c300000, 0x000000070c400000|  0%| F|  |TAMS 0x000000070c300000, 0x000000070c300000| Untracked 
| 110|0x000000070c400000, 0x000000070c400000, 0x000000070c500000|  0%| F|  |TAMS 0x000000070c400000, 0x000000070c400000| Untracked 
| 111|0x000000070c500000, 0x000000070c500000, 0x000000070c600000|  0%| F|  |TAMS 0x000000070c500000, 0x000000070c500000| Untracked 
| 112|0x000000070c600000, 0x000000070c600000, 0x000000070c700000|  0%| F|  |TAMS 0x000000070c600000, 0x000000070c600000| Untracked 
| 113|0x000000070c700000, 0x000000070c700000, 0x000000070c800000|  0%| F|  |TAMS 0x000000070c700000, 0x000000070c700000| Untracked 
| 114|0x000000070c800000, 0x000000070c800000, 0x000000070c900000|  0%| F|  |TAMS 0x000000070c800000, 0x000000070c800000| Untracked 
| 115|0x000000070c900000, 0x000000070c900000, 0x000000070ca00000|  0%| F|  |TAMS 0x000000070c900000, 0x000000070c900000| Untracked 
| 116|0x000000070ca00000, 0x000000070ca00000, 0x000000070cb00000|  0%| F|  |TAMS 0x000000070ca00000, 0x000000070ca00000| Untracked 
| 117|0x000000070cb00000, 0x000000070cb00000, 0x000000070cc00000|  0%| F|  |TAMS 0x000000070cb00000, 0x000000070cb00000| Untracked 
| 118|0x000000070cc00000, 0x000000070cc00000, 0x000000070cd00000|  0%| F|  |TAMS 0x000000070cc00000, 0x000000070cc00000| Untracked 
| 119|0x000000070cd00000, 0x000000070cd00000, 0x000000070ce00000|  0%| F|  |TAMS 0x000000070cd00000, 0x000000070cd00000| Untracked 
| 120|0x000000070ce00000, 0x000000070ce00000, 0x000000070cf00000|  0%| F|  |TAMS 0x000000070ce00000, 0x000000070ce00000| Untracked 
| 121|0x000000070cf00000, 0x000000070cf00000, 0x000000070d000000|  0%| F|  |TAMS 0x000000070cf00000, 0x000000070cf00000| Untracked 
| 122|0x000000070d000000, 0x000000070d000000, 0x000000070d100000|  0%| F|  |TAMS 0x000000070d000000, 0x000000070d000000| Untracked 
| 123|0x000000070d100000, 0x000000070d100000, 0x000000070d200000|  0%| F|  |TAMS 0x000000070d100000, 0x000000070d100000| Untracked 
| 124|0x000000070d200000, 0x000000070d200000, 0x000000070d300000|  0%| F|  |TAMS 0x000000070d200000, 0x000000070d200000| Untracked 
| 125|0x000000070d300000, 0x000000070d300000, 0x000000070d400000|  0%| F|  |TAMS 0x000000070d300000, 0x000000070d300000| Untracked 
| 126|0x000000070d400000, 0x000000070d400000, 0x000000070d500000|  0%| F|  |TAMS 0x000000070d400000, 0x000000070d400000| Untracked 
| 127|0x000000070d500000, 0x000000070d500000, 0x000000070d600000|  0%| F|  |TAMS 0x000000070d500000, 0x000000070d500000| Untracked 
| 128|0x000000070d600000, 0x000000070d600000, 0x000000070d700000|  0%| F|  |TAMS 0x000000070d600000, 0x000000070d600000| Untracked 
| 129|0x000000070d700000, 0x000000070d700000, 0x000000070d800000|  0%| F|  |TAMS 0x000000070d700000, 0x000000070d700000| Untracked 
| 130|0x000000070d800000, 0x000000070d800000, 0x000000070d900000|  0%| F|  |TAMS 0x000000070d800000, 0x000000070d800000| Untracked 
| 131|0x000000070d900000, 0x000000070d900000, 0x000000070da00000|  0%| F|  |TAMS 0x000000070d900000, 0x000000070d900000| Untracked 
| 132|0x000000070da00000, 0x000000070da00000, 0x000000070db00000|  0%| F|  |TAMS 0x000000070da00000, 0x000000070da00000| Untracked 
| 133|0x000000070db00000, 0x000000070db00000, 0x000000070dc00000|  0%| F|  |TAMS 0x000000070db00000, 0x000000070db00000| Untracked 
| 134|0x000000070dc00000, 0x000000070dc00000, 0x000000070dd00000|  0%| F|  |TAMS 0x000000070dc00000, 0x000000070dc00000| Untracked 
| 135|0x000000070dd00000, 0x000000070dd00000, 0x000000070de00000|  0%| F|  |TAMS 0x000000070dd00000, 0x000000070dd00000| Untracked 
| 136|0x000000070de00000, 0x000000070de00000, 0x000000070df00000|  0%| F|  |TAMS 0x000000070de00000, 0x000000070de00000| Untracked 
| 137|0x000000070df00000, 0x000000070df00000, 0x000000070e000000|  0%| F|  |TAMS 0x000000070df00000, 0x000000070df00000| Untracked 
| 138|0x000000070e000000, 0x000000070e000000, 0x000000070e100000|  0%| F|  |TAMS 0x000000070e000000, 0x000000070e000000| Untracked 
| 139|0x000000070e100000, 0x000000070e100000, 0x000000070e200000|  0%| F|  |TAMS 0x000000070e100000, 0x000000070e100000| Untracked 
| 140|0x000000070e200000, 0x000000070e200000, 0x000000070e300000|  0%| F|  |TAMS 0x000000070e200000, 0x000000070e200000| Untracked 
| 141|0x000000070e300000, 0x000000070e300000, 0x000000070e400000|  0%| F|  |TAMS 0x000000070e300000, 0x000000070e300000| Untracked 
| 142|0x000000070e400000, 0x000000070e400000, 0x000000070e500000|  0%| F|  |TAMS 0x000000070e400000, 0x000000070e400000| Untracked 
| 143|0x000000070e500000, 0x000000070e500000, 0x000000070e600000|  0%| F|  |TAMS 0x000000070e500000, 0x000000070e500000| Untracked 
| 144|0x000000070e600000, 0x000000070e600000, 0x000000070e700000|  0%| F|  |TAMS 0x000000070e600000, 0x000000070e600000| Untracked 
| 145|0x000000070e700000, 0x000000070e700000, 0x000000070e800000|  0%| F|  |TAMS 0x000000070e700000, 0x000000070e700000| Untracked 
| 146|0x000000070e800000, 0x000000070e800000, 0x000000070e900000|  0%| F|  |TAMS 0x000000070e800000, 0x000000070e800000| Untracked 
| 147|0x000000070e900000, 0x000000070e900000, 0x000000070ea00000|  0%| F|  |TAMS 0x000000070e900000, 0x000000070e900000| Untracked 
| 148|0x000000070ea00000, 0x000000070ea00000, 0x000000070eb00000|  0%| F|  |TAMS 0x000000070ea00000, 0x000000070ea00000| Untracked 
| 149|0x000000070eb00000, 0x000000070eb00000, 0x000000070ec00000|  0%| F|  |TAMS 0x000000070eb00000, 0x000000070eb00000| Untracked 
| 150|0x000000070ec00000, 0x000000070ec00000, 0x000000070ed00000|  0%| F|  |TAMS 0x000000070ec00000, 0x000000070ec00000| Untracked 
| 151|0x000000070ed00000, 0x000000070ed00000, 0x000000070ee00000|  0%| F|  |TAMS 0x000000070ed00000, 0x000000070ed00000| Untracked 
| 152|0x000000070ee00000, 0x000000070ee00000, 0x000000070ef00000|  0%| F|  |TAMS 0x000000070ee00000, 0x000000070ee00000| Untracked 
| 153|0x000000070ef00000, 0x000000070ef00000, 0x000000070f000000|  0%| F|  |TAMS 0x000000070ef00000, 0x000000070ef00000| Untracked 
| 154|0x000000070f000000, 0x000000070f000000, 0x000000070f100000|  0%| F|  |TAMS 0x000000070f000000, 0x000000070f000000| Untracked 
| 155|0x000000070f100000, 0x000000070f100000, 0x000000070f200000|  0%| F|  |TAMS 0x000000070f100000, 0x000000070f100000| Untracked 
| 156|0x000000070f200000, 0x000000070f200000, 0x000000070f300000|  0%| F|  |TAMS 0x000000070f200000, 0x000000070f200000| Untracked 
| 157|0x000000070f300000, 0x000000070f300000, 0x000000070f400000|  0%| F|  |TAMS 0x000000070f300000, 0x000000070f300000| Untracked 
| 158|0x000000070f400000, 0x000000070f400000, 0x000000070f500000|  0%| F|  |TAMS 0x000000070f400000, 0x000000070f400000| Untracked 
| 159|0x000000070f500000, 0x000000070f500000, 0x000000070f600000|  0%| F|  |TAMS 0x000000070f500000, 0x000000070f500000| Untracked 
| 160|0x000000070f600000, 0x000000070f600000, 0x000000070f700000|  0%| F|  |TAMS 0x000000070f600000, 0x000000070f600000| Untracked 
| 161|0x000000070f700000, 0x000000070f700000, 0x000000070f800000|  0%| F|  |TAMS 0x000000070f700000, 0x000000070f700000| Untracked 
| 162|0x000000070f800000, 0x000000070f800000, 0x000000070f900000|  0%| F|  |TAMS 0x000000070f800000, 0x000000070f800000| Untracked 
| 163|0x000000070f900000, 0x000000070f900000, 0x000000070fa00000|  0%| F|  |TAMS 0x000000070f900000, 0x000000070f900000| Untracked 
| 164|0x000000070fa00000, 0x000000070fa00000, 0x000000070fb00000|  0%| F|  |TAMS 0x000000070fa00000, 0x000000070fa00000| Untracked 
| 165|0x000000070fb00000, 0x000000070fb00000, 0x000000070fc00000|  0%| F|  |TAMS 0x000000070fb00000, 0x000000070fb00000| Untracked 
| 166|0x000000070fc00000, 0x000000070fc00000, 0x000000070fd00000|  0%| F|  |TAMS 0x000000070fc00000, 0x000000070fc00000| Untracked 
| 167|0x000000070fd00000, 0x000000070fd00000, 0x000000070fe00000|  0%| F|  |TAMS 0x000000070fd00000, 0x000000070fd00000| Untracked 
| 168|0x000000070fe00000, 0x000000070fe00000, 0x000000070ff00000|  0%| F|  |TAMS 0x000000070fe00000, 0x000000070fe00000| Untracked 
| 169|0x000000070ff00000, 0x000000070ff00000, 0x0000000710000000|  0%| F|  |TAMS 0x000000070ff00000, 0x000000070ff00000| Untracked 
| 170|0x0000000710000000, 0x0000000710000000, 0x0000000710100000|  0%| F|  |TAMS 0x0000000710000000, 0x0000000710000000| Untracked 
| 171|0x0000000710100000, 0x0000000710100000, 0x0000000710200000|  0%| F|  |TAMS 0x0000000710100000, 0x0000000710100000| Untracked 
| 172|0x0000000710200000, 0x0000000710200000, 0x0000000710300000|  0%| F|  |TAMS 0x0000000710200000, 0x0000000710200000| Untracked 
| 173|0x0000000710300000, 0x0000000710300000, 0x0000000710400000|  0%| F|  |TAMS 0x0000000710300000, 0x0000000710300000| Untracked 
| 174|0x0000000710400000, 0x0000000710400000, 0x0000000710500000|  0%| F|  |TAMS 0x0000000710400000, 0x0000000710400000| Untracked 
| 175|0x0000000710500000, 0x0000000710500000, 0x0000000710600000|  0%| F|  |TAMS 0x0000000710500000, 0x0000000710500000| Untracked 
| 176|0x0000000710600000, 0x0000000710600000, 0x0000000710700000|  0%| F|  |TAMS 0x0000000710600000, 0x0000000710600000| Untracked 
| 177|0x0000000710700000, 0x0000000710700000, 0x0000000710800000|  0%| F|  |TAMS 0x0000000710700000, 0x0000000710700000| Untracked 
| 178|0x0000000710800000, 0x0000000710800000, 0x0000000710900000|  0%| F|  |TAMS 0x0000000710800000, 0x0000000710800000| Untracked 
| 179|0x0000000710900000, 0x0000000710900000, 0x0000000710a00000|  0%| F|  |TAMS 0x0000000710900000, 0x0000000710900000| Untracked 
| 180|0x0000000710a00000, 0x0000000710a00000, 0x0000000710b00000|  0%| F|  |TAMS 0x0000000710a00000, 0x0000000710a00000| Untracked 
| 181|0x0000000710b00000, 0x0000000710b00000, 0x0000000710c00000|  0%| F|  |TAMS 0x0000000710b00000, 0x0000000710b00000| Untracked 
| 182|0x0000000710c00000, 0x0000000710c80800, 0x0000000710d00000| 50%| E|  |TAMS 0x0000000710c00000, 0x0000000710c00000| Complete 
| 183|0x0000000710d00000, 0x0000000710e00000, 0x0000000710e00000|100%| E|CS|TAMS 0x0000000710d00000, 0x0000000710d00000| Complete 
| 184|0x0000000710e00000, 0x0000000710f00000, 0x0000000710f00000|100%| E|CS|TAMS 0x0000000710e00000, 0x0000000710e00000| Complete 
| 185|0x0000000710f00000, 0x0000000711000000, 0x0000000711000000|100%| E|CS|TAMS 0x0000000710f00000, 0x0000000710f00000| Complete 
| 186|0x0000000711000000, 0x0000000711100000, 0x0000000711100000|100%| E|CS|TAMS 0x0000000711000000, 0x0000000711000000| Complete 
| 187|0x0000000711100000, 0x0000000711200000, 0x0000000711200000|100%| E|CS|TAMS 0x0000000711100000, 0x0000000711100000| Complete 
| 188|0x0000000711200000, 0x0000000711300000, 0x0000000711300000|100%| E|CS|TAMS 0x0000000711200000, 0x0000000711200000| Complete 
| 189|0x0000000711300000, 0x0000000711400000, 0x0000000711400000|100%| E|CS|TAMS 0x0000000711300000, 0x0000000711300000| Complete 
| 190|0x0000000711400000, 0x0000000711500000, 0x0000000711500000|100%| E|CS|TAMS 0x0000000711400000, 0x0000000711400000| Complete 
| 191|0x0000000711500000, 0x0000000711600000, 0x0000000711600000|100%| E|CS|TAMS 0x0000000711500000, 0x0000000711500000| Complete 
| 192|0x0000000711600000, 0x0000000711700000, 0x0000000711700000|100%| E|CS|TAMS 0x0000000711600000, 0x0000000711600000| Complete 
| 193|0x0000000711700000, 0x0000000711800000, 0x0000000711800000|100%| E|CS|TAMS 0x0000000711700000, 0x0000000711700000| Complete 
| 194|0x0000000711800000, 0x0000000711900000, 0x0000000711900000|100%| E|CS|TAMS 0x0000000711800000, 0x0000000711800000| Complete 
| 195|0x0000000711900000, 0x0000000711a00000, 0x0000000711a00000|100%| E|CS|TAMS 0x0000000711900000, 0x0000000711900000| Complete 
| 196|0x0000000711a00000, 0x0000000711b00000, 0x0000000711b00000|100%| E|CS|TAMS 0x0000000711a00000, 0x0000000711a00000| Complete 
| 197|0x0000000711b00000, 0x0000000711c00000, 0x0000000711c00000|100%| E|CS|TAMS 0x0000000711b00000, 0x0000000711b00000| Complete 
| 198|0x0000000711c00000, 0x0000000711d00000, 0x0000000711d00000|100%| E|CS|TAMS 0x0000000711c00000, 0x0000000711c00000| Complete 
| 199|0x0000000711d00000, 0x0000000711e00000, 0x0000000711e00000|100%| E|CS|TAMS 0x0000000711d00000, 0x0000000711d00000| Complete 
| 200|0x0000000711e00000, 0x0000000711f00000, 0x0000000711f00000|100%| E|CS|TAMS 0x0000000711e00000, 0x0000000711e00000| Complete 
| 201|0x0000000711f00000, 0x0000000712000000, 0x0000000712000000|100%| E|CS|TAMS 0x0000000711f00000, 0x0000000711f00000| Complete 
| 202|0x0000000712000000, 0x0000000712100000, 0x0000000712100000|100%| E|CS|TAMS 0x0000000712000000, 0x0000000712000000| Complete 
| 203|0x0000000712100000, 0x0000000712200000, 0x0000000712200000|100%| E|CS|TAMS 0x0000000712100000, 0x0000000712100000| Complete 
| 204|0x0000000712200000, 0x0000000712300000, 0x0000000712300000|100%| E|CS|TAMS 0x0000000712200000, 0x0000000712200000| Complete 
| 205|0x0000000712300000, 0x0000000712400000, 0x0000000712400000|100%| E|CS|TAMS 0x0000000712300000, 0x0000000712300000| Complete 
| 206|0x0000000712400000, 0x0000000712500000, 0x0000000712500000|100%| E|CS|TAMS 0x0000000712400000, 0x0000000712400000| Complete 
| 207|0x0000000712500000, 0x0000000712600000, 0x0000000712600000|100%| E|CS|TAMS 0x0000000712500000, 0x0000000712500000| Complete 
| 208|0x0000000712600000, 0x0000000712700000, 0x0000000712700000|100%| E|CS|TAMS 0x0000000712600000, 0x0000000712600000| Complete 
| 209|0x0000000712700000, 0x0000000712800000, 0x0000000712800000|100%| E|CS|TAMS 0x0000000712700000, 0x0000000712700000| Complete 
| 210|0x0000000712800000, 0x0000000712900000, 0x0000000712900000|100%| E|CS|TAMS 0x0000000712800000, 0x0000000712800000| Complete 
| 211|0x0000000712900000, 0x0000000712a00000, 0x0000000712a00000|100%| E|CS|TAMS 0x0000000712900000, 0x0000000712900000| Complete 
| 212|0x0000000712a00000, 0x0000000712b00000, 0x0000000712b00000|100%| E|CS|TAMS 0x0000000712a00000, 0x0000000712a00000| Complete 
| 213|0x0000000712b00000, 0x0000000712c00000, 0x0000000712c00000|100%| E|CS|TAMS 0x0000000712b00000, 0x0000000712b00000| Complete 
| 214|0x0000000712c00000, 0x0000000712d00000, 0x0000000712d00000|100%| E|CS|TAMS 0x0000000712c00000, 0x0000000712c00000| Complete 
| 215|0x0000000712d00000, 0x0000000712e00000, 0x0000000712e00000|100%| E|CS|TAMS 0x0000000712d00000, 0x0000000712d00000| Complete 
| 216|0x0000000712e00000, 0x0000000712f00000, 0x0000000712f00000|100%| E|CS|TAMS 0x0000000712e00000, 0x0000000712e00000| Complete 
| 217|0x0000000712f00000, 0x0000000713000000, 0x0000000713000000|100%| E|CS|TAMS 0x0000000712f00000, 0x0000000712f00000| Complete 
| 218|0x0000000713000000, 0x0000000713100000, 0x0000000713100000|100%| E|CS|TAMS 0x0000000713000000, 0x0000000713000000| Complete 
| 219|0x0000000713100000, 0x0000000713200000, 0x0000000713200000|100%| E|CS|TAMS 0x0000000713100000, 0x0000000713100000| Complete 
| 220|0x0000000713200000, 0x0000000713300000, 0x0000000713300000|100%| E|CS|TAMS 0x0000000713200000, 0x0000000713200000| Complete 
| 221|0x0000000713300000, 0x0000000713400000, 0x0000000713400000|100%| E|CS|TAMS 0x0000000713300000, 0x0000000713300000| Complete 
| 222|0x0000000713400000, 0x0000000713500000, 0x0000000713500000|100%| S|CS|TAMS 0x0000000713400000, 0x0000000713400000| Complete 
| 223|0x0000000713500000, 0x0000000713600000, 0x0000000713600000|100%| S|CS|TAMS 0x0000000713500000, 0x0000000713500000| Complete 
| 224|0x0000000713600000, 0x0000000713700000, 0x0000000713700000|100%| S|CS|TAMS 0x0000000713600000, 0x0000000713600000| Complete 
| 225|0x0000000713700000, 0x0000000713800000, 0x0000000713800000|100%| S|CS|TAMS 0x0000000713700000, 0x0000000713700000| Complete 
| 226|0x0000000713800000, 0x0000000713900000, 0x0000000713900000|100%| S|CS|TAMS 0x0000000713800000, 0x0000000713800000| Complete 
| 227|0x0000000713900000, 0x0000000713a00000, 0x0000000713a00000|100%| S|CS|TAMS 0x0000000713900000, 0x0000000713900000| Complete 
| 228|0x0000000713a00000, 0x0000000713b00000, 0x0000000713b00000|100%| S|CS|TAMS 0x0000000713a00000, 0x0000000713a00000| Complete 
| 229|0x0000000713b00000, 0x0000000713c00000, 0x0000000713c00000|100%| E|CS|TAMS 0x0000000713b00000, 0x0000000713b00000| Complete 
| 230|0x0000000713c00000, 0x0000000713d00000, 0x0000000713d00000|100%| E|CS|TAMS 0x0000000713c00000, 0x0000000713c00000| Complete 
| 231|0x0000000713d00000, 0x0000000713e00000, 0x0000000713e00000|100%| E|CS|TAMS 0x0000000713d00000, 0x0000000713d00000| Complete 
| 232|0x0000000713e00000, 0x0000000713f00000, 0x0000000713f00000|100%| E|CS|TAMS 0x0000000713e00000, 0x0000000713e00000| Complete 
| 233|0x0000000713f00000, 0x0000000714000000, 0x0000000714000000|100%| E|CS|TAMS 0x0000000713f00000, 0x0000000713f00000| Complete 
| 234|0x0000000714000000, 0x0000000714100000, 0x0000000714100000|100%| E|CS|TAMS 0x0000000714000000, 0x0000000714000000| Complete 
| 235|0x0000000714100000, 0x0000000714200000, 0x0000000714200000|100%| E|CS|TAMS 0x0000000714100000, 0x0000000714100000| Complete 
| 236|0x0000000714200000, 0x0000000714300000, 0x0000000714300000|100%| E|CS|TAMS 0x0000000714200000, 0x0000000714200000| Complete 
| 237|0x0000000714300000, 0x0000000714400000, 0x0000000714400000|100%| E|CS|TAMS 0x0000000714300000, 0x0000000714300000| Complete 
| 238|0x0000000714400000, 0x0000000714500000, 0x0000000714500000|100%| E|CS|TAMS 0x0000000714400000, 0x0000000714400000| Complete 
| 239|0x0000000714500000, 0x0000000714600000, 0x0000000714600000|100%| E|CS|TAMS 0x0000000714500000, 0x0000000714500000| Complete 
| 240|0x0000000714600000, 0x0000000714700000, 0x0000000714700000|100%| E|CS|TAMS 0x0000000714600000, 0x0000000714600000| Complete 
| 241|0x0000000714700000, 0x0000000714800000, 0x0000000714800000|100%| E|CS|TAMS 0x0000000714700000, 0x0000000714700000| Complete 
| 242|0x0000000714800000, 0x0000000714900000, 0x0000000714900000|100%| E|CS|TAMS 0x0000000714800000, 0x0000000714800000| Complete 
| 243|0x0000000714900000, 0x0000000714a00000, 0x0000000714a00000|100%| E|CS|TAMS 0x0000000714900000, 0x0000000714900000| Complete 
| 244|0x0000000714a00000, 0x0000000714b00000, 0x0000000714b00000|100%| E|CS|TAMS 0x0000000714a00000, 0x0000000714a00000| Complete 
| 245|0x0000000714b00000, 0x0000000714c00000, 0x0000000714c00000|100%| E|CS|TAMS 0x0000000714b00000, 0x0000000714b00000| Complete 
| 246|0x0000000714c00000, 0x0000000714d00000, 0x0000000714d00000|100%| E|CS|TAMS 0x0000000714c00000, 0x0000000714c00000| Complete 
| 247|0x0000000714d00000, 0x0000000714e00000, 0x0000000714e00000|100%| E|CS|TAMS 0x0000000714d00000, 0x0000000714d00000| Complete 
| 248|0x0000000714e00000, 0x0000000714f00000, 0x0000000714f00000|100%| E|CS|TAMS 0x0000000714e00000, 0x0000000714e00000| Complete 
| 249|0x0000000714f00000, 0x0000000715000000, 0x0000000715000000|100%| E|CS|TAMS 0x0000000714f00000, 0x0000000714f00000| Complete 
| 250|0x0000000715000000, 0x0000000715100000, 0x0000000715100000|100%| E|CS|TAMS 0x0000000715000000, 0x0000000715000000| Complete 
| 251|0x0000000715100000, 0x0000000715200000, 0x0000000715200000|100%| E|CS|TAMS 0x0000000715100000, 0x0000000715100000| Complete 

Card table byte_map: [0x00000108b1990000,0x00000108b2170000] _byte_map_base: 0x00000108ae165000

Marking Bits (Prev, Next): (CMBitMap*) 0x0000010899bbc698, (CMBitMap*) 0x0000010899bbc6d0
 Prev Bits: [0x00000108b2950000, 0x00000108b67f8000)
 Next Bits: [0x00000108b6800000, 0x00000108ba6a8000)

Polling page: 0x0000010899330000

Metaspace:

Usage:
  Non-class:     37.60 MB capacity,    37.05 MB ( 99%) used,   440.89 KB (  1%) free+waste,   119.38 KB ( <1%) overhead. 
      Class:      5.59 MB capacity,     5.19 MB ( 93%) used,   348.93 KB (  6%) free+waste,    59.63 KB (  1%) overhead. 
       Both:     43.18 MB capacity,    42.24 MB ( 98%) used,   789.82 KB (  2%) free+waste,   179.00 KB ( <1%) overhead. 

Virtual space:
  Non-class space:       38.00 MB reserved,      37.75 MB (>99%) committed 
      Class space:        1.00 GB reserved,       5.63 MB ( <1%) committed 
             Both:        1.04 GB reserved,      43.38 MB (  4%) committed 

Chunk freelists:
   Non-Class:  3.75 KB
       Class:  1.00 KB
        Both:  4.75 KB

CodeHeap 'non-profiled nmethods': size=120000Kb used=1758Kb max_used=1758Kb free=118241Kb
 bounds [0x00000108a9950000, 0x00000108a9bc0000, 0x00000108b0e80000]
CodeHeap 'profiled nmethods': size=120000Kb used=8333Kb max_used=8333Kb free=111666Kb
 bounds [0x00000108a2420000, 0x00000108a2c50000, 0x00000108a9950000]
CodeHeap 'non-nmethods': size=5760Kb used=1238Kb max_used=1269Kb free=4521Kb
 bounds [0x00000108a1e80000, 0x00000108a20f0000, 0x00000108a2420000]
 total_blobs=5209 nmethods=3719 adapters=492
 compilation: enabled
              stopped_count=0, restarted_count=0
 full_count=0

Compilation events (10 events):
Event: 44.295 Thread 0x00000108bdb46000 3727       1       org.apache.xmlbeans.impl.store.Locale::version (5 bytes)
Event: 44.295 Thread 0x00000108bdb46000 nmethod 3727 0x00000108a9b00c10 code [0x00000108a9b00dc0, 0x00000108a9b00ed8]
Event: 44.311 Thread 0x00000108bdb46000 3728       3       com.google.common.collect.Maps$IteratorBasedAbstractMap$1::iterator (8 bytes)
Event: 44.311 Thread 0x00000108bdb46000 nmethod 3728 0x00000108a2c41490 code [0x00000108a2c41660, 0x00000108a2c41890]
Event: 44.311 Thread 0x00000108bdb46000 3729       3       com.google.common.collect.Maps$TransformedEntriesMap::entryIterator (25 bytes)
Event: 44.311 Thread 0x00000108bdb46000 nmethod 3729 0x00000108a2c41990 code [0x00000108a2c41c00, 0x00000108a2c42800]
Event: 44.311 Thread 0x00000108bdb46000 3731       3       java.util.stream.ReferencePipeline::forEachWithCancel (23 bytes)
Event: 44.312 Thread 0x00000108bdb46000 nmethod 3731 0x00000108a2c42b90 code [0x00000108a2c42d60, 0x00000108a2c43180]
Event: 44.312 Thread 0x00000108bdb46000 3732       3       java.lang.NoSuchMethodException::<init> (6 bytes)
Event: 44.312 Thread 0x00000108bdb46000 nmethod 3732 0x00000108a2c43310 code [0x00000108a2c434e0, 0x00000108a2c43730]

GC Heap History (10 events):
Event: 0.648 GC heap before
{Heap before GC invocations=0 (full 0):
 garbage-first heap   total 258048K, used 25600K [0x0000000705600000, 0x0000000800000000)
  region size 1024K, 24 young (24576K), 0 survivors (0K)
 Metaspace       used 13928K, capacity 14234K, committed 14336K, reserved 1062912K
  class space    used 1382K, capacity 1448K, committed 1536K, reserved 1048576K
}
Event: 0.653 GC heap after
{Heap after GC invocations=1 (full 0):
 garbage-first heap   total 258048K, used 8427K [0x0000000705600000, 0x0000000800000000)
  region size 1024K, 3 young (3072K), 3 survivors (3072K)
 Metaspace       used 13928K, capacity 14234K, committed 14336K, reserved 1062912K
  class space    used 1382K, capacity 1448K, committed 1536K, reserved 1048576K
}
Event: 0.755 GC heap before
{Heap before GC invocations=1 (full 0):
 garbage-first heap   total 258048K, used 27883K [0x0000000705600000, 0x0000000800000000)
  region size 1024K, 22 young (22528K), 3 survivors (3072K)
 Metaspace       used 15903K, capacity 16179K, committed 16384K, reserved 1064960K
  class space    used 1660K, capacity 1737K, committed 1792K, reserved 1048576K
}
Event: 0.757 GC heap after
{Heap after GC invocations=2 (full 0):
 garbage-first heap   total 258048K, used 8933K [0x0000000705600000, 0x0000000800000000)
  region size 1024K, 1 young (1024K), 1 survivors (1024K)
 Metaspace       used 15903K, capacity 16179K, committed 16384K, reserved 1064960K
  class space    used 1660K, capacity 1737K, committed 1792K, reserved 1048576K
}
Event: 1.000 GC heap before
{Heap before GC invocations=2 (full 0):
 garbage-first heap   total 258048K, used 33509K [0x0000000705600000, 0x0000000800000000)
  region size 1024K, 26 young (26624K), 1 survivors (1024K)
 Metaspace       used 20674K, capacity 21123K, committed 21248K, reserved 1069056K
  class space    used 2286K, capacity 2473K, committed 2560K, reserved 1048576K
}
Event: 1.003 GC heap after
{Heap after GC invocations=3 (full 0):
 garbage-first heap   total 258048K, used 10489K [0x0000000705600000, 0x0000000800000000)
  region size 1024K, 3 young (3072K), 3 survivors (3072K)
 Metaspace       used 20674K, capacity 21123K, committed 21248K, reserved 1069056K
  class space    used 2286K, capacity 2473K, committed 2560K, reserved 1048576K
}
Event: 3.373 GC heap before
{Heap before GC invocations=4 (full 0):
 garbage-first heap   total 258048K, used 71929K [0x0000000705600000, 0x0000000800000000)
  region size 1024K, 63 young (64512K), 3 survivors (3072K)
 Metaspace       used 30773K, capacity 31503K, committed 31744K, reserved 1077248K
  class space    used 3750K, capacity 4014K, committed 4096K, reserved 1048576K
}
Event: 3.377 GC heap after
{Heap after GC invocations=5 (full 0):
 garbage-first heap   total 258048K, used 13794K [0x0000000705600000, 0x0000000800000000)
  region size 1024K, 6 young (6144K), 6 survivors (6144K)
 Metaspace       used 30773K, capacity 31503K, committed 31744K, reserved 1077248K
  class space    used 3750K, capacity 4014K, committed 4096K, reserved 1048576K
}
Event: 12.594 GC heap before
{Heap before GC invocations=5 (full 0):
 garbage-first heap   total 258048K, used 36322K [0x0000000705600000, 0x0000000800000000)
  region size 1024K, 29 young (29696K), 6 survivors (6144K)
 Metaspace       used 34890K, capacity 35764K, committed 35840K, reserved 1081344K
  class space    used 4290K, capacity 4588K, committed 4608K, reserved 1048576K
}
Event: 12.601 GC heap after
{Heap after GC invocations=6 (full 0):
 garbage-first heap   total 258048K, used 15570K [0x0000000705600000, 0x0000000800000000)
  region size 1024K, 7 young (7168K), 7 survivors (7168K)
 Metaspace       used 34890K, capacity 35764K, committed 35840K, reserved 1081344K
  class space    used 4290K, capacity 4588K, committed 4608K, reserved 1048576K
}

Deoptimization events (10 events):
Event: 44.136 Thread 0x0000010899b59800 Uncommon trap: reason=class_check action=maybe_recompile pc=0x00000108a9aec8e8 method=java.io.FilterInputStream.read()I @ 4 c2
Event: 44.136 Thread 0x0000010899b59800 Uncommon trap: reason=speculate_class_check action=maybe_recompile pc=0x00000108a9aecd5c method=java.util.zip.InflaterInputStream.read()I @ 11 c2
Event: 44.136 Thread 0x0000010899b59800 Uncommon trap: reason=class_check action=maybe_recompile pc=0x00000108a9aec8e8 method=java.io.FilterInputStream.read()I @ 4 c2
Event: 44.136 Thread 0x0000010899b59800 Uncommon trap: reason=speculate_class_check action=maybe_recompile pc=0x00000108a9aecd5c method=java.util.zip.InflaterInputStream.read()I @ 11 c2
Event: 44.136 Thread 0x0000010899b59800 Uncommon trap: reason=class_check action=maybe_recompile pc=0x00000108a9aec8e8 method=java.io.FilterInputStream.read()I @ 4 c2
Event: 44.136 Thread 0x0000010899b59800 Uncommon trap: reason=speculate_class_check action=maybe_recompile pc=0x00000108a9aecd5c method=java.util.zip.InflaterInputStream.read()I @ 11 c2
Event: 44.136 Thread 0x0000010899b59800 Uncommon trap: reason=class_check action=maybe_recompile pc=0x00000108a9aec8e8 method=java.io.FilterInputStream.read()I @ 4 c2
Event: 44.136 Thread 0x0000010899b59800 Uncommon trap: reason=speculate_class_check action=maybe_recompile pc=0x00000108a9aecd5c method=java.util.zip.InflaterInputStream.read()I @ 11 c2
Event: 44.264 Thread 0x0000010899b59800 Uncommon trap: reason=unstable_if action=reinterpret pc=0x00000108a99efe10 method=java.lang.StringLatin1.compareToCI([B[B)I @ 68 c2
Event: 44.264 Thread 0x0000010899b59800 Uncommon trap: reason=unstable_if action=reinterpret pc=0x00000108a99ef274 method=java.lang.StringLatin1.compareToCI([B[B)I @ 68 c2

Classes redefined (0 events):
No events

Internal exceptions (10 events):
Event: 39.917 Thread 0x0000010899b59800 Exception <a 'java/net/SocketTimeoutException'{0x0000000713d2d788}: Read timed out> (0x0000000713d2d788) thrown at [t:/workspace/open/src/hotspot/share/prims/jni.cpp, line 636]
Event: 40.794 Thread 0x0000010899b59800 Exception <a 'java/net/SocketTimeoutException'{0x0000000713d4b048}: Read timed out> (0x0000000713d4b048) thrown at [t:/workspace/open/src/hotspot/share/prims/jni.cpp, line 636]
Event: 40.841 Thread 0x0000010899b59800 Exception <a 'java/net/SocketTimeoutException'{0x0000000713d83ff0}: Read timed out> (0x0000000713d83ff0) thrown at [t:/workspace/open/src/hotspot/share/prims/jni.cpp, line 636]
Event: 41.919 Thread 0x0000010899b59800 Exception <a 'java/net/SocketTimeoutException'{0x0000000713da1878}: Read timed out> (0x0000000713da1878) thrown at [t:/workspace/open/src/hotspot/share/prims/jni.cpp, line 636]
Event: 43.050 Thread 0x0000010899b59800 Exception <a 'java/net/SocketTimeoutException'{0x0000000713dda8e0}: Read timed out> (0x0000000713dda8e0) thrown at [t:/workspace/open/src/hotspot/share/prims/jni.cpp, line 636]
Event: 43.082 Thread 0x0000010899b59800 Exception <a 'java/net/SocketTimeoutException'{0x0000000713df8168}: Read timed out> (0x0000000713df8168) thrown at [t:/workspace/open/src/hotspot/share/prims/jni.cpp, line 636]
Event: 43.828 Thread 0x0000010899b59800 Exception <a 'java/lang/NoSuchMethodError'{0x0000000713233a00}: java.lang.invoke.DirectMethodHandle$Holder.invokeStaticInit(Ljava/lang/Object;Ljava/lang/Object;I)Ljava/lang/Object;> (0x0000000713233a00) thrown at [t:/workspace/open/src/hotspot/share/inter
Event: 43.876 Thread 0x0000010899b59800 Exception <a 'java/lang/NoSuchMethodError'{0x0000000712d44910}: java.lang.invoke.DirectMethodHandle$Holder.invokeStatic(Ljava/lang/Object;Ljava/lang/Object;Ljava/lang/Object;I)V> (0x0000000712d44910) thrown at [t:/workspace/open/src/hotspot/share/interpre
Event: 43.876 Thread 0x0000010899b59800 Exception <a 'java/lang/NoSuchMethodError'{0x0000000712d47c10}: java.lang.invoke.DirectMethodHandle$Holder.invokeStaticInit(Ljava/lang/Object;Ljava/lang/Object;Ljava/lang/Object;I)V> (0x0000000712d47c10) thrown at [t:/workspace/open/src/hotspot/share/inte
Event: 44.315 Thread 0x0000010899b59800 Exception <a 'java/net/SocketTimeoutException'{0x0000000710c70700}: Read timed out> (0x0000000710c70700) thrown at [t:/workspace/open/src/hotspot/share/prims/jni.cpp, line 636]

Events (10 events):
Event: 44.291 loading class org/openxmlformats/schemas/spreadsheetml/x2006/main/STCellType
Event: 44.291 loading class org/openxmlformats/schemas/spreadsheetml/x2006/main/STCellType done
Event: 44.291 loading class org/apache/xmlbeans/impl/values/JavaStringEnumerationHolderEx
Event: 44.291 loading class org/apache/xmlbeans/impl/values/JavaStringEnumerationHolderEx done
Event: 44.292 loading class org/apache/xmlbeans/StringEnumAbstractBase$Table
Event: 44.292 loading class org/apache/xmlbeans/StringEnumAbstractBase$Table done
Event: 44.293 loading class org/apache/poi/xssf/usermodel/XSSFCell$1
Event: 44.293 loading class org/apache/poi/xssf/usermodel/XSSFCell$1 done
Event: 44.293 loading class org/apache/poi/xssf/usermodel/XSSFRichTextString
Event: 44.293 loading class org/apache/poi/xssf/usermodel/XSSFRichTextString done


Dynamic libraries:
0x00007ff788190000 - 0x00007ff7881d7000 	C:\Program Files\Java\jdk-11.0.2\bin\javaw.exe
0x00007ffdcca30000 - 0x00007ffdccc25000 	C:\Windows\SYSTEM32\ntdll.dll
0x00007ffdcb280000 - 0x00007ffdcb33e000 	C:\Windows\System32\KERNEL32.DLL
0x00007ffdca5d0000 - 0x00007ffdca898000 	C:\Windows\System32\KERNELBASE.dll
0x00007ffdcbf20000 - 0x00007ffdcbfce000 	C:\Windows\System32\ADVAPI32.dll
0x00007ffdcb8a0000 - 0x00007ffdcb93e000 	C:\Windows\System32\msvcrt.dll
0x00007ffdcbe80000 - 0x00007ffdcbf1c000 	C:\Windows\System32\sechost.dll
0x00007ffdcbfd0000 - 0x00007ffdcc0f5000 	C:\Windows\System32\RPCRT4.dll
0x00007ffdcabf0000 - 0x00007ffdcad90000 	C:\Windows\System32\USER32.dll
0x00007ffdca5a0000 - 0x00007ffdca5c2000 	C:\Windows\System32\win32u.dll
0x00007ffdcbe50000 - 0x00007ffdcbe7b000 	C:\Windows\System32\GDI32.dll
0x00007ffdca950000 - 0x00007ffdcaa5b000 	C:\Windows\System32\gdi32full.dll
0x00007ffdca3b0000 - 0x00007ffdca44d000 	C:\Windows\System32\msvcp_win.dll
0x00007ffdca2b0000 - 0x00007ffdca3b0000 	C:\Windows\System32\ucrtbase.dll
0x00007ffdb3140000 - 0x00007ffdb33da000 	C:\Windows\WinSxS\amd64_microsoft.windows.common-controls_6595b64144ccf1df_6.0.19041.1110_none_60b5254171f9507e\COMCTL32.dll
0x00007ffdbdb60000 - 0x00007ffdbdb6a000 	C:\Windows\SYSTEM32\VERSION.dll
0x00007ffdcb250000 - 0x00007ffdcb280000 	C:\Windows\System32\IMM32.DLL
0x00007ffdc03d0000 - 0x00007ffdc03e6000 	C:\Program Files\Java\jdk-11.0.2\bin\vcruntime140.dll
0x00007ffd8ed10000 - 0x00007ffd8edba000 	C:\Program Files\Java\jdk-11.0.2\bin\msvcp140.dll
0x00007ffd8c360000 - 0x00007ffd8ce87000 	C:\Program Files\Java\jdk-11.0.2\bin\server\jvm.dll
0x00007ffdcab10000 - 0x00007ffdcab18000 	C:\Windows\System32\PSAPI.DLL
0x00007ffd9f0b0000 - 0x00007ffd9f0d7000 	C:\Windows\SYSTEM32\WINMM.dll
0x00007ffd9c0c0000 - 0x00007ffd9c0c9000 	C:\Windows\SYSTEM32\WSOCK32.dll
0x00007ffdcc850000 - 0x00007ffdcc8bb000 	C:\Windows\System32\WS2_32.dll
0x00007ffdc8a10000 - 0x00007ffdc8a22000 	C:\Windows\SYSTEM32\kernel.appcore.dll
0x00007ffdc0290000 - 0x00007ffdc02a1000 	C:\Program Files\Java\jdk-11.0.2\bin\verify.dll
0x00007ffdc87b0000 - 0x00007ffdc8994000 	C:\Windows\SYSTEM32\DBGHELP.DLL
0x00007ffdae610000 - 0x00007ffdae63c000 	C:\Windows\SYSTEM32\dbgcore.DLL
0x00007ffdca450000 - 0x00007ffdca4d2000 	C:\Windows\System32\bcryptPrimitives.dll
0x00007ffdc01f0000 - 0x00007ffdc0219000 	C:\Program Files\Java\jdk-11.0.2\bin\java.dll
0x00007ffdbe8a0000 - 0x00007ffdbe8b6000 	C:\Program Files\Java\jdk-11.0.2\bin\zip.dll
0x00007ffdbe890000 - 0x00007ffdbe89a000 	C:\Program Files\Java\jdk-11.0.2\bin\jimage.dll
0x00007ffdcc100000 - 0x00007ffdcc844000 	C:\Windows\System32\SHELL32.dll
0x00007ffdc7e70000 - 0x00007ffdc8604000 	C:\Windows\SYSTEM32\windows.storage.dll
0x00007ffdcae10000 - 0x00007ffdcb164000 	C:\Windows\System32\combase.dll
0x00007ffdc9bb0000 - 0x00007ffdc9bdc000 	C:\Windows\SYSTEM32\Wldp.dll
0x00007ffdcc8e0000 - 0x00007ffdcc98d000 	C:\Windows\System32\SHCORE.dll
0x00007ffdcbdf0000 - 0x00007ffdcbe45000 	C:\Windows\System32\shlwapi.dll
0x00007ffdca090000 - 0x00007ffdca0af000 	C:\Windows\SYSTEM32\profapi.dll
0x00007ffdc0080000 - 0x00007ffdc0099000 	C:\Program Files\Java\jdk-11.0.2\bin\net.dll
0x00007ffdb5680000 - 0x00007ffdb586c000 	C:\Windows\SYSTEM32\urlmon.dll
0x00007ffdc91a0000 - 0x00007ffdc92a9000 	C:\Windows\SYSTEM32\WINHTTP.dll
0x00007ffdb59b0000 - 0x00007ffdb5c61000 	C:\Windows\SYSTEM32\iertutil.dll
0x00007ffdc96c0000 - 0x00007ffdc96cc000 	C:\Windows\SYSTEM32\netutils.dll
0x00007ffdb5650000 - 0x00007ffdb5678000 	C:\Windows\SYSTEM32\srvcli.dll
0x00007ffdc9910000 - 0x00007ffdc997a000 	C:\Windows\system32\mswsock.dll
0x00007ffdbe910000 - 0x00007ffdbe923000 	C:\Program Files\Java\jdk-11.0.2\bin\nio.dll
0x00007ffdc95f0000 - 0x00007ffdc96ba000 	C:\Windows\SYSTEM32\DNSAPI.dll
0x00007ffdc95b0000 - 0x00007ffdc95eb000 	C:\Windows\SYSTEM32\IPHLPAPI.DLL
0x00007ffdcada0000 - 0x00007ffdcada8000 	C:\Windows\System32\NSI.dll
0x00007ffdbee40000 - 0x00007ffdbee4a000 	C:\Windows\System32\rasadhlp.dll
0x00007ffdc13e0000 - 0x00007ffdc145f000 	C:\Windows\System32\fwpuclnt.dll
0x00007ffdcaa60000 - 0x00007ffdcaa87000 	C:\Windows\System32\bcrypt.dll
0x00007ffdc9b00000 - 0x00007ffdc9b18000 	C:\Windows\SYSTEM32\CRYPTSP.dll
0x00007ffdc9110000 - 0x00007ffdc9144000 	C:\Windows\system32\rsaenh.dll
0x00007ffdca010000 - 0x00007ffdca03e000 	C:\Windows\SYSTEM32\USERENV.dll
0x00007ffdc9b20000 - 0x00007ffdc9b2c000 	C:\Windows\SYSTEM32\CRYPTBASE.dll
0x00007ffdc0a00000 - 0x00007ffdc0a17000 	C:\Windows\SYSTEM32\dhcpcsvc6.DLL
0x00007ffdc09e0000 - 0x00007ffdc09fd000 	C:\Windows\SYSTEM32\dhcpcsvc.DLL
0x00007ffdbe6d0000 - 0x00007ffdbe6d9000 	C:\Program Files\Java\jdk-11.0.2\bin\management.dll
0x00007ffdbe600000 - 0x00007ffdbe60c000 	C:\Program Files\Java\jdk-11.0.2\bin\management_ext.dll
0x00007ffd98420000 - 0x00007ffd98437000 	C:\Windows\system32\napinsp.dll
0x00007ffd98400000 - 0x00007ffd9841b000 	C:\Windows\system32\pnrpnsp.dll
0x00007ffdc2270000 - 0x00007ffdc2285000 	C:\Windows\system32\wshbth.dll
0x00007ffdc2e10000 - 0x00007ffdc2e2d000 	C:\Windows\system32\NLAapi.dll
0x00007ffd957e0000 - 0x00007ffd957f2000 	C:\Windows\System32\winrnr.dll
0x00007ffdbe530000 - 0x00007ffdbe53d000 	C:\Program Files\Java\jdk-11.0.2\bin\sunmscapi.dll
0x00007ffdca150000 - 0x00007ffdca2a6000 	C:\Windows\System32\CRYPT32.dll
0x00007ffdc9c20000 - 0x00007ffdc9c47000 	C:\Windows\SYSTEM32\ncrypt.dll
0x00007ffdc9be0000 - 0x00007ffdc9c1b000 	C:\Windows\SYSTEM32\NTASN1.dll
0x00007ffdbe380000 - 0x00007ffdbe3a7000 	C:\Program Files\Java\jdk-11.0.2\bin\sunec.dll
0x00007ffd76e90000 - 0x00007ffd76eb7000 	C:\ProgramData\Microsoft\Windows Defender\Platform\4.18.2202.4-22\MpDetours.dll
0x00007ffdcbcc0000 - 0x00007ffdcbdea000 	C:\Windows\System32\ole32.dll
0x00007ffd85760000 - 0x00007ffd857f4000 	C:\Windows\SYSTEM32\winspool.drv

dbghelp: loaded successfully - version: 4.0.5 - missing functions: none
symbol engine: initialized successfully - sym options: 0x614 - pdb path: .;C:\Program Files\Java\jdk-11.0.2\bin;C:\Windows\SYSTEM32;C:\Windows\WinSxS\amd64_microsoft.windows.common-controls_6595b64144ccf1df_6.0.19041.1110_none_60b5254171f9507e;C:\Program Files\Java\jdk-11.0.2\bin\server;C:\ProgramData\Microsoft\Windows Defender\Platform\4.18.2202.4-22

VM Arguments:
jvm_args: -ea -Dfile.encoding=Cp1252 
java_command: org.testng.remote.RemoteTestNG -serport 52214 -protocol json -d C:\Users\praverchaurasia\eclipse-workspace\Testing_Exit_Assignment\test-output C:\Users\praverchaurasia\eclipse-workspace\Testing_Exit_Assignment\testng.xml
java_class_path (initial): C:\Users\praverchaurasia\eclipse\java 2021-09\eclipse\configuration\org.eclipse.osgi\441\0\.cp\lib\testng-remote.jar;C:\Users\praverchaurasia\eclipse-workspace\Testing_Exit_Assignment\target\test-classes;C:\Users\praverchaurasia\eclipse-workspace\Testing_Exit_Assignment\target\classes;C:\Users\Nagarro\.p2\pool\plugins\org.testng_7.4.0.r202105021533.jar;C:\Users\Nagarro\.p2\pool\plugins\com.beust.jcommander_1.78.0.jar;C:\Users\Nagarro\.p2\pool\plugins\org.apache-extras.beanshell.bsh_2.0.0.b6.jar;C:\Users\Nagarro\.p2\pool\plugins\org.yaml.snakeyaml_1.21.0.jar;C:\Users\Nagarro\.p2\pool\plugins\org.webjars.jquery_3.5.1.jar;C:\Users\praverchaurasia\.m2\repository\org\testng\testng\6.14.3\testng-6.14.3.jar;C:\Users\praverchaurasia\.m2\repository\com\beust\jcommander\1.72\jcommander-1.72.jar;C:\Users\praverchaurasia\.m2\repository\org\apache-extras\beanshell\bsh\2.0b6\bsh-2.0b6.jar;C:\Users\praverchaurasia\.m2\repository\io\appium\java-client\6.1.0\java-client-6.1.0.jar;C:\Users\praverchaurasia\.m2\repository\org\seleniumhq\selenium\selenium-support\3.12.0\selenium-support-3.12.0.jar;C:\Users\praverchaurasia\.m2\repository\commons-logging\commons-logging\1.2\commons-logging-1.2.jar;C:\Users\praverchaurasia\.m2\repository\org\apache\httpcomponents\httpcore\4.4.6\httpcore-4.4.6.jar;C:\Users\praverchaurasia\.m2\repository\com\google\code\gson\gson\2.8.4\gson-2.8.4.jar;C:\Users\praverchaurasia\.m2\repository\org\apache\httpcomponents\httpclient\4.5.5\httpclient-4.5.5.jar;C:\Users\praverchaurasia\.m2\repository\cglib\cglib\3.2.6\cglib-3.2.6.jar;C:\Users\praverchaurasia\.m2\repository\org\ow2\asm\asm\6.0\asm-6.0.jar;C:\Users\praverchaurasia\.m2\repository\org\apache\ant\ant\1.9.6\ant-1.9.6.jar;C:\Users\praverchaurasia\.m2\repository\org\apache\ant\ant-launcher\1.9.6\ant-launcher-1.9.6.jar;C:\Users\praverchaurasia\.m2\repository\commons-validator\commons-validator\1.6\commons-validator-1.6.jar;C:\Users\praverchaurasia\.m2\repository\commons-beanutils\
Launcher Type: SUN_STANDARD

[Global flags]
     intx CICompilerCount                          = 4                                         {product} {ergonomic}
     uint ConcGCThreads                            = 2                                         {product} {ergonomic}
     uint G1ConcRefinementThreads                  = 8                                         {product} {ergonomic}
   size_t G1HeapRegionSize                         = 1048576                                   {product} {ergonomic}
    uintx GCDrainStackTargetSize                   = 64                                        {product} {ergonomic}
   size_t InitialHeapSize                          = 264241152                                 {product} {ergonomic}
   size_t MarkStackSize                            = 4194304                                   {product} {ergonomic}
   size_t MaxHeapSize                              = 4204789760                                {product} {ergonomic}
   size_t MaxNewSize                               = 2522873856                                {product} {ergonomic}
   size_t MinHeapDeltaBytes                        = 1048576                                   {product} {ergonomic}
    uintx NonNMethodCodeHeapSize                   = 5835340                                {pd product} {ergonomic}
    uintx NonProfiledCodeHeapSize                  = 122911450                              {pd product} {ergonomic}
    uintx ProfiledCodeHeapSize                     = 122911450                              {pd product} {ergonomic}
    uintx ReservedCodeCacheSize                    = 251658240                              {pd product} {ergonomic}
     bool SegmentedCodeCache                       = true                                      {product} {ergonomic}
     bool UseCompressedClassPointers               = true                                 {lp64_product} {ergonomic}
     bool UseCompressedOops                        = true                                 {lp64_product} {ergonomic}
     bool UseG1GC                                  = true                                      {product} {ergonomic}
     bool UseLargePagesIndividualAllocation        = false                                  {pd product} {ergonomic}

Logging:
Log output configuration:
 #0: stdout all=warning uptime,level,tags
 #1: stderr all=off uptime,level,tags

Environment Variables:
JAVA_HOME=C:\.Net & Java Software\Open JKD -11
PATH=C:/Program Files/Java/jdk-11.0.2/bin/server;C:/Program Files/Java/jdk-11.0.2/bin;C:\Program Files (x86)\Common Files\Oracle\Java\javapath;C:\Program Files\Python39\Scripts\;C:\Program Files\Python39\;C:\Program Files\Microsoft MPI\Bin\;C:\Windows\system32;C:\Windows;C:\Windows\System32\Wbem;C:\Windows\System32\WindowsPowerShell\v1.0\;C:\Windows\System32\OpenSSH\;C:\Program Files\TortoiseSVN\bin;C:\.Net & Java Software\Open JKD -11\bin;C:\Program Files\Git\cmd;C:\Program Files\nodejs\;C:\Program Files\Azure Data Studio\bin;C:\Program Files\Microsoft SQL Server\130\Tools\Binn\;C:\Program Files\Microsoft SQL Server\Client SDK\ODBC\170\Tools\Binn\;C:\Program Files (x86)\Microsoft SQL Server\140\Tools\Binn\;C:\Program Files\Microsoft SQL Server\140\Tools\Binn\;C:\Program Files (x86)\Microsoft SQL Server\140\DTS\Binn\;C:\Program Files\Microsoft SQL Server\140\DTS\Binn\;C:\Program Files\Microsoft SQL Server\Client SDK\ODBC\130\Tools\Binn\;C:\Program Files\Java\jdk-11.0.2\bin;C:\Program Files\apache-maven-3.8.4-bin\apache-maven-3.8.4\bin;C:\Program Files\dotnet\;C:\Program Files (x86)\dotnet\;C:\Program Files (x86)\Microsoft SQL Server\150\Tools\Binn\;C:\Program Files\Microsoft SQL Server\150\Tools\Binn\;C:\Program Files\Microsoft SQL Server\150\DTS\Binn\;C:\Program Files (x86)\Microsoft SQL Server\150\DTS\Binn\;C:\Users\praverchaurasia\AppData\Local\Android\Sdk\tools;C:\Users\praverchaurasia\AppData\Local\Android\Sdk\platform-tools;C:\Users\praverchaurasia\AppData\Local\Android\Sdk\tools;C:\Users\praverchaurasia\AppData\Local\Android\Sdk\tools\bin;C:\Program Files\Java\jdk1.8.0_202\bin;C:\Users\praverchaurasia\eclipse\java 2021-09\eclipse;
USERNAME=praverchaurasia
OS=Windows_NT
PROCESSOR_IDENTIFIER=Intel64 Family 6 Model 140 Stepping 1, GenuineIntel



---------------  S Y S T E M  ---------------

OS: Windows 10 , 64 bit Build 19041 (10.0.19041.1566)

CPU:total 8 (initial active 8) (4 cores per cpu, 2 threads per core) family 6 model 140 stepping 1, cmov, cx8, fxsr, mmx, sse, sse2, sse3, ssse3, sse4.1, sse4.2, popcnt, avx, avx2, aes, clmul, erms, 3dnowpref, lzcnt, ht, tsc, tscinvbit, bmi1, bmi2, adx, evex, sha, fma

Memory: 4k page, system-wide physical 16034M (975M free)
TotalPageFile size 20034M (AvailPageFile size 5M)
current process WorkingSet (physical memory assigned to process): 209M, peak: 228M
current process commit charge ("private bytes"): 424M, peak: 447M

vm_info: Java HotSpot(TM) 64-Bit Server VM (11.0.2+9-LTS) for windows-amd64 JRE (11.0.2+9-LTS), built on Jan 18 2019 05:24:10 by "mach5one" with MS VC++ 15.5 (VS2017)

END.
